<?xml version="1.0" encoding="UTF-8"?>
<!-- Generated by org.testng.reporters.JUnitReportReporter -->
<testsuite hostname="DESKTOP-2I02I72" failures="0" tests="1" name="com.banking.Steller.Viewcustomer.Debitcard" time="26.067" errors="0" timestamp="2023-05-25T16:41:38 IST" skipped="0">
  <testcase classname="com.banking.Steller.Viewcustomer.Debitcard" name="applyDebitCard" time="26.067"/>
  <system-out/>
</testsuite> <!-- com.banking.Steller.Viewcustomer.Debitcard -->
