<?xml version="1.0" encoding="UTF-8"?>
<!-- Generated by org.testng.reporters.JUnitReportReporter -->
<testsuite hostname="DESKTOP-2I02I72" failures="0" tests="3" name="com.banking.Steller.Viewcustomer.Testng" time="0.064" errors="0" timestamp="2023-05-25T11:25:54 IST" skipped="0">
  <testcase classname="com.banking.Steller.Viewcustomer.Testng" name="getData" time="0.013"/>
  <system-out/>
  <testcase classname="com.banking.Steller.Viewcustomer.Testng" name="getData" time="0.041"/>
  <system-out/>
  <testcase classname="com.banking.Steller.Viewcustomer.Testng" name="getData" time="0.010"/>
  <system-out/>
</testsuite> <!-- com.banking.Steller.Viewcustomer.Testng -->
