<?xml version="1.0" encoding="UTF-8"?>
<!-- Generated by org.testng.reporters.JUnitReportReporter -->
<testsuite hostname="DESKTOP-2I02I72" failures="0" tests="1" name="com.banking.Steller.Viewcustomer.OpenACC" time="19.903" errors="0" timestamp="2023-05-25T12:34:14 IST" skipped="0">
  <testcase classname="com.banking.Steller.Viewcustomer.OpenACC" name="openaccound" time="19.903"/>
  <system-out/>
</testsuite> <!-- com.banking.Steller.Viewcustomer.OpenACC -->
