<?xml version="1.0" encoding="UTF-8"?>
<!-- Generated by org.testng.reporters.JUnitReportReporter -->
<testsuite hostname="DESKTOP-2I02I72" failures="0" tests="1" name="com.banking.Steller.Viewcustomer.ApproveAccountTest" time="20.088" errors="0" timestamp="2023-05-30T13:00:20 IST" skipped="0">
  <testcase classname="com.banking.Steller.Viewcustomer.ApproveAccountTest" name="approveCustAcc" time="20.088"/>
  <system-out>
    <![CDATA[approveCustAcc passed]]>
  </system-out>
</testsuite> <!-- com.banking.Steller.Viewcustomer.ApproveAccountTest -->
